<?xml version="1.0" encoding="utf-8"?><testsuites name="pytest tests"><testsuite name="pytest" errors="0" failures="0" skipped="0" tests="26" time="5.481" timestamp="2026-04-29T08:04:59.023454+00:00" hostname="agent-env-8636fd30-f22b-4abc-b440-4a6adca934b8"><testcase classname="backend.tests.backend_test.TestAuth" name="test_register_new_user" time="0.470" /><testcase classname="backend.tests.backend_test.TestAuth" name="test_register_duplicate" time="0.474" /><testcase classname="backend.tests.backend_test.TestAuth" name="test_login_success_sets_cookie" time="0.343" /><testcase classname="backend.tests.backend_test.TestAuth" name="test_login_wrong_password" time="0.325" /><testcase classname="backend.tests.backend_test.TestAuth" name="test_me_returns_current_user" time="0.044" /><testcase classname="backend.tests.backend_test.TestAuth" name="test_me_unauthorized" time="0.149" /><testcase classname="backend.tests.backend_test.TestAuth" name="test_logout_clears_cookie" time="0.538" /><testcase classname="backend.tests.backend_test.TestCategories" name="test_categories_returns_indonesian" time="0.142" /><testcase classname="backend.tests.backend_test.TestTransactions" name="test_create_list_update_delete" time="0.394" /><testcase classname="backend.tests.backend_test.TestTransactions" name="test_unauth_blocked" time="0.114" /><testcase classname="backend.tests.backend_test.TestTransactions" name="test_delete_nonexistent_returns_404" time="0.042" /><testcase classname="backend.tests.backend_test.TestStats" name="test_stats_summary_structure" time="0.133" /><testcase classname="backend.tests.backend_test.TestBudgets" name="test_budget_crud_and_upsert" time="0.263" /><testcase classname="backend.tests.backend_test.TestGoals" name="test_goal_crud" time="0.255" /><testcase classname="backend.tests.backend_test.TestVoiceParse" name="test_expense_parse" time="0.044" /><testcase classname="backend.tests.backend_test.TestVoiceParse" name="test_income_parse" time="0.081" /><testcase classname="backend.tests.backend_test.TestVoiceParse" name="test_voice_unauth_blocked" time="0.106" /><testcase classname="backend.tests.backend_test.TestVoiceParse" name="test_empty_text" time="0.048" /><testcase classname="backend.tests.backend_test.TestDataIsolation" name="test_users_only_see_own_transactions" time="0.517" /><testcase classname="backend.tests.backend_test.TestProtection" name="test_protected_endpoints_require_auth[get-/transactions]" time="0.110" /><testcase classname="backend.tests.backend_test.TestProtection" name="test_protected_endpoints_require_auth[post-/transactions]" time="0.103" /><testcase classname="backend.tests.backend_test.TestProtection" name="test_protected_endpoints_require_auth[get-/budgets]" time="0.104" /><testcase classname="backend.tests.backend_test.TestProtection" name="test_protected_endpoints_require_auth[post-/budgets]" time="0.102" /><testcase classname="backend.tests.backend_test.TestProtection" name="test_protected_endpoints_require_auth[get-/goals]" time="0.107" /><testcase classname="backend.tests.backend_test.TestProtection" name="test_protected_endpoints_require_auth[post-/goals]" time="0.129" /><testcase classname="backend.tests.backend_test.TestProtection" name="test_protected_endpoints_require_auth[get-/stats/summary]" time="0.153" /></testsuite></testsuites>